<?xml version="1.0" encoding="UTF-8"?>
<!-- Generated by org.testng.reporters.JUnitXMLReporter -->
<testsuite ignored="3" hostname="vikkys-pc1203" failures="0" tests="1" name="Surefire test" time="56.382" errors="0" timestamp="2024-03-13T15:27:06 IST">
  <testcase classname="UiRegressionTests.WebTests.DoctorDashboradTests.SalutaDoctorDashboardTests.SendAppInvitationToPatient" name="shouldVerifyThatDoctorNotSendAppInvitationToPatientWhichPatientAppActivated" time="32.253"/>
  <testcase classname="UiRegressionTests.WebTests.DoctorDashboradTests.SalutaDoctorDashboardTests.SendAppInvitationToPatient" name="shouldVerifyThatTheAdminSendAppInvitationToPatient" time="0.0">
    <ignored/>
  </testcase> <!-- shouldVerifyThatTheAdminSendAppInvitationToPatient -->
  <testcase classname="UiRegressionTests.WebTests.DoctorDashboradTests.SalutaDoctorDashboardTests.SendAppInvitationToPatient" name="shouldVerifyThatTheAdminSendAppInvitationToUsersTabUser" time="0.0">
    <ignored/>
  </testcase> <!-- shouldVerifyThatTheAdminSendAppInvitationToUsersTabUser -->
  <testcase classname="UiRegressionTests.WebTests.DoctorDashboradTests.SalutaDoctorDashboardTests.SendAppInvitationToPatient" name="shouldVerifyThatTheDoctorSendAppInvitationToPatient" time="0.0">
    <ignored/>
  </testcase> <!-- shouldVerifyThatTheDoctorSendAppInvitationToPatient -->
</testsuite> <!-- Surefire test -->
