<?xml version="1.0" encoding="UTF-8"?>
<testng-results ignored="3" total="4" passed="1" failed="0" skipped="0">
  <reporter-output>
  </reporter-output>
  <suite started-at="2024-03-13T15:26:10 IST" name="Surefire suite" finished-at="2024-03-13T15:27:06 IST" duration-ms="56382">
    <groups>
    </groups>
    <test started-at="2024-03-13T15:26:10 IST" name="Surefire test" finished-at="2024-03-13T15:27:06 IST" duration-ms="56382">
      <class name="UiRegressionTests.WebTests.DoctorDashboradTests.SalutaDoctorDashboardTests.SendAppInvitationToPatient">
        <test-method is-config="true" signature="setup()[pri:0, instance:UiRegressionTests.WebTests.DoctorDashboradTests.SalutaDoctorDashboardTests.SendAppInvitationToPatient@53ca01a2]" started-at="2024-03-13T15:26:10 IST" name="setup" finished-at="2024-03-13T15:26:33 IST" duration-ms="22875" status="PASS">
          <reporter-output>
          </reporter-output>
        </test-method> <!-- setup -->
        <test-method signature="shouldVerifyThatDoctorNotSendAppInvitationToPatientWhichPatientAppActivated(Entities.Patient,Entities.Admin,Entities.Doctor)[pri:0, instance:UiRegressionTests.WebTests.DoctorDashboradTests.SalutaDoctorDashboardTests.SendAppInvitationToPatient@53ca01a2]" started-at="2024-03-13T15:26:33 IST" name="shouldVerifyThatDoctorNotSendAppInvitationToPatientWhichPatientAppActivated" data-provider="create-saluta-patient-by-doctor-data" finished-at="2024-03-13T15:27:05 IST" duration-ms="32253" status="PASS">
          <params>
            <param index="0">
              <value>
                <![CDATA[Entities.Patient@379ce046]]>
              </value>
            </param>
            <param index="1">
              <value>
                <![CDATA[Entities.Admin@701bc94e]]>
              </value>
            </param>
            <param index="2">
              <value>
                <![CDATA[Entities.Doctor@3d8b319e]]>
              </value>
            </param>
          </params>
          <reporter-output>
          </reporter-output>
        </test-method> <!-- shouldVerifyThatDoctorNotSendAppInvitationToPatientWhichPatientAppActivated -->
        <test-method is-config="true" signature="tearDown(org.testng.ITestResult)[pri:0, instance:UiRegressionTests.WebTests.DoctorDashboradTests.SalutaDoctorDashboardTests.SendAppInvitationToPatient@53ca01a2]" started-at="2024-03-13T15:27:05 IST" name="tearDown" finished-at="2024-03-13T15:27:06 IST" duration-ms="1139" status="PASS">
          <params>
            <param index="0">
              <value>
                <![CDATA[[TestResult name=shouldVerifyThatDoctorNotSendAppInvitationToPatientWhichPatientAppActivated status=SUCCESS method=SendAppInvitationToPatient.shouldVerifyThatDoctorNotSendAppInvitationToPatientWhichPatientAppActivated(Entities.Patient,Entities.Admin,Entities.Doctor)[pri:0, instance:UiRegressionTests.WebTests.DoctorDashboradTests.SalutaDoctorDashboardTests.SendAppInvitationToPatient@53ca01a2] output={null}]]]>
              </value>
            </param>
          </params>
          <reporter-output>
          </reporter-output>
        </test-method> <!-- tearDown -->
      </class> <!-- UiRegressionTests.WebTests.DoctorDashboradTests.SalutaDoctorDashboardTests.SendAppInvitationToPatient -->
    </test> <!-- Surefire test -->
  </suite> <!-- Surefire suite -->
</testng-results>
